<?xml version="1.0" encoding="UTF-8"?>
<!-- Generated by org.testng.reporters.JUnitXMLReporter -->
<testsuite ignored="0" hostname="Soumya" failures="0" tests="10" name="GSD-Test" time="61.982" errors="0" timestamp="2023-06-18T22:54:05 IST">
  <testcase classname="test.GSD" name="info" time="23.382"/>
  <testcase classname="test.GSD" name="userProfile" time="1.4"/>
  <testcase classname="test.GSD" name="openOneCognizant" time="5.472"/>
  <testcase classname="test.GSD" name="handleWindow" time="0.072"/>
  <testcase classname="test.GSD" name="getGsd" time="4.128"/>
  <testcase classname="test.GSD" name="verifyTitleMessage" time="20.125"/>
  <testcase classname="test.GSD" name="getLanguage" time="0.432"/>
  <testcase classname="test.GSD" name="printIndiaGSDSupport" time="0.331"/>
  <testcase classname="test.GSD" name="randomFirstCountrySelect" time="0.213"/>
  <testcase classname="test.GSD" name="randomSecondCountrySelect" time="0.19"/>
</testsuite> <!-- GSD-Test -->
